2018-02-20 00:22:31 ERROR Settings:49 - File not Found
java.io.FileNotFoundException: /Properties/resources/config.properties (No such file or directory)
	at java.io.FileInputStream.open0(Native Method)
	at java.io.FileInputStream.open(FileInputStream.java:195)
	at java.io.FileInputStream.<init>(FileInputStream.java:138)
	at java.io.FileInputStream.<init>(FileInputStream.java:93)
	at eu.senla.andyavd.Settings.getCustomProperties(Settings.java:32)
	at eu.senla.andyavd.DependencyInjection.<clinit>(DependencyInjection.java:17)
	at eu.senla.andyavd.server.Invoker.invokeHotelManager(Invoker.java:17)
	at eu.senla.andyavd.test.Test.main(Test.java:21)
2018-02-20 00:25:08 ERROR Settings:49 - File not Found
java.io.FileNotFoundException: /Properties/resources/config.properties (No such file or directory)
	at java.io.FileInputStream.open0(Native Method)
	at java.io.FileInputStream.open(FileInputStream.java:195)
	at java.io.FileInputStream.<init>(FileInputStream.java:138)
	at java.io.FileInputStream.<init>(FileInputStream.java:93)
	at eu.senla.andyavd.Settings.getCustomProperties(Settings.java:32)
	at eu.senla.andyavd.DependencyInjection.<clinit>(DependencyInjection.java:17)
	at eu.senla.andyavd.server.Invoker.invokeHotelManager(Invoker.java:17)
	at eu.senla.andyavd.test.Test.main(Test.java:21)
2018-02-20 00:25:19 ERROR Settings:49 - File not Found
java.io.FileNotFoundException: Properties/resources/config.properties (No such file or directory)
	at java.io.FileInputStream.open0(Native Method)
	at java.io.FileInputStream.open(FileInputStream.java:195)
	at java.io.FileInputStream.<init>(FileInputStream.java:138)
	at java.io.FileInputStream.<init>(FileInputStream.java:93)
	at eu.senla.andyavd.Settings.getCustomProperties(Settings.java:32)
	at eu.senla.andyavd.DependencyInjection.<clinit>(DependencyInjection.java:17)
	at eu.senla.andyavd.server.Invoker.invokeHotelManager(Invoker.java:17)
	at eu.senla.andyavd.test.Test.main(Test.java:21)
2018-02-20 00:25:29 ERROR Settings:49 - File not Found
java.io.FileNotFoundException: /resources/config.properties (No such file or directory)
	at java.io.FileInputStream.open0(Native Method)
	at java.io.FileInputStream.open(FileInputStream.java:195)
	at java.io.FileInputStream.<init>(FileInputStream.java:138)
	at java.io.FileInputStream.<init>(FileInputStream.java:93)
	at eu.senla.andyavd.Settings.getCustomProperties(Settings.java:32)
	at eu.senla.andyavd.DependencyInjection.<clinit>(DependencyInjection.java:17)
	at eu.senla.andyavd.server.Invoker.invokeHotelManager(Invoker.java:17)
	at eu.senla.andyavd.test.Test.main(Test.java:21)
2018-02-20 00:25:38 ERROR Settings:49 - File not Found
java.io.FileNotFoundException: resources/config.properties (No such file or directory)
	at java.io.FileInputStream.open0(Native Method)
	at java.io.FileInputStream.open(FileInputStream.java:195)
	at java.io.FileInputStream.<init>(FileInputStream.java:138)
	at java.io.FileInputStream.<init>(FileInputStream.java:93)
	at eu.senla.andyavd.Settings.getCustomProperties(Settings.java:32)
	at eu.senla.andyavd.DependencyInjection.<clinit>(DependencyInjection.java:17)
	at eu.senla.andyavd.server.Invoker.invokeHotelManager(Invoker.java:17)
	at eu.senla.andyavd.test.Test.main(Test.java:21)
2018-02-20 00:25:49 ERROR Settings:49 - File not Found
java.io.FileNotFoundException: config.properties (No such file or directory)
	at java.io.FileInputStream.open0(Native Method)
	at java.io.FileInputStream.open(FileInputStream.java:195)
	at java.io.FileInputStream.<init>(FileInputStream.java:138)
	at java.io.FileInputStream.<init>(FileInputStream.java:93)
	at eu.senla.andyavd.Settings.getCustomProperties(Settings.java:32)
	at eu.senla.andyavd.DependencyInjection.<clinit>(DependencyInjection.java:17)
	at eu.senla.andyavd.server.Invoker.invokeHotelManager(Invoker.java:17)
	at eu.senla.andyavd.test.Test.main(Test.java:21)
2018-02-20 00:28:18 ERROR Settings:49 - File not Found
java.io.FileNotFoundException: /Properties/resources/config.properties (No such file or directory)
	at java.io.FileInputStream.open0(Native Method)
	at java.io.FileInputStream.open(FileInputStream.java:195)
	at java.io.FileInputStream.<init>(FileInputStream.java:138)
	at java.io.FileInputStream.<init>(FileInputStream.java:93)
	at eu.senla.andyavd.Settings.getCustomProperties(Settings.java:32)
	at eu.senla.andyavd.DependencyInjection.<clinit>(DependencyInjection.java:17)
	at eu.senla.andyavd.server.Invoker.invokeHotelManager(Invoker.java:17)
	at eu.senla.andyavd.test.Test.main(Test.java:21)
2018-02-20 00:28:32 ERROR Settings:49 - File not Found
java.io.FileNotFoundException: /properties/resources/config.properties (No such file or directory)
	at java.io.FileInputStream.open0(Native Method)
	at java.io.FileInputStream.open(FileInputStream.java:195)
	at java.io.FileInputStream.<init>(FileInputStream.java:138)
	at java.io.FileInputStream.<init>(FileInputStream.java:93)
	at eu.senla.andyavd.Settings.getCustomProperties(Settings.java:32)
	at eu.senla.andyavd.DependencyInjection.<clinit>(DependencyInjection.java:17)
	at eu.senla.andyavd.server.Invoker.invokeHotelManager(Invoker.java:17)
	at eu.senla.andyavd.test.Test.main(Test.java:21)
