2017-11-17 02:02:09 ERROR CheckInVisitorAction:47 - Room is not empty!
2017-11-17 02:08:21 ERROR ChangeRoomPriceAction:30 - 
java.lang.NullPointerException
	at eu.senla.andyavd.hoteladministrator.view.HotelManager.changePriceOnRoom(HotelManager.java:169)
	at eu.senla.andyavd.ui.actions.room.ChangeRoomPriceAction.execute(ChangeRoomPriceAction.java:27)
	at eu.senla.andyavd.ui.menu.MenuItem.act(MenuItem.java:50)
	at eu.senla.andyavd.ui.menu.Navigator.navigate(Navigator.java:31)
	at eu.senla.andyavd.ui.menu.MenuController.run(MenuController.java:33)
	at eu.senla.andyavd.ui.test.Test.main(Test.java:9)
2017-11-17 02:10:49 ERROR ChangeRoomPriceAction:30 - 
java.lang.NullPointerException
	at eu.senla.andyavd.hoteladministrator.view.HotelManager.changePriceOnRoom(HotelManager.java:169)
	at eu.senla.andyavd.ui.actions.room.ChangeRoomPriceAction.execute(ChangeRoomPriceAction.java:27)
	at eu.senla.andyavd.ui.menu.MenuItem.act(MenuItem.java:50)
	at eu.senla.andyavd.ui.menu.Navigator.navigate(Navigator.java:31)
	at eu.senla.andyavd.ui.menu.MenuController.run(MenuController.java:33)
	at eu.senla.andyavd.ui.test.Test.main(Test.java:9)
2017-11-17 02:14:25 ERROR ChangeRoomPriceAction:30 - 
java.lang.NullPointerException
	at eu.senla.andyavd.hoteladministrator.view.HotelManager.changePriceOnRoom(HotelManager.java:169)
	at eu.senla.andyavd.ui.actions.room.ChangeRoomPriceAction.execute(ChangeRoomPriceAction.java:27)
	at eu.senla.andyavd.ui.menu.MenuItem.act(MenuItem.java:50)
	at eu.senla.andyavd.ui.menu.Navigator.navigate(Navigator.java:31)
	at eu.senla.andyavd.ui.menu.MenuController.run(MenuController.java:33)
	at eu.senla.andyavd.ui.test.Test.main(Test.java:9)
2017-11-17 02:16:23 ERROR ChangeRoomPriceAction:30 - No such room, to change the Price!
java.lang.NullPointerException
	at eu.senla.andyavd.hoteladministrator.view.HotelManager.changePriceOnRoom(HotelManager.java:169)
	at eu.senla.andyavd.ui.actions.room.ChangeRoomPriceAction.execute(ChangeRoomPriceAction.java:27)
	at eu.senla.andyavd.ui.menu.MenuItem.act(MenuItem.java:50)
	at eu.senla.andyavd.ui.menu.Navigator.navigate(Navigator.java:31)
	at eu.senla.andyavd.ui.menu.MenuController.run(MenuController.java:33)
	at eu.senla.andyavd.ui.test.Test.main(Test.java:9)
2017-11-17 02:21:44 ERROR CheckInVisitorAction:42 - Input correct parameters!
java.lang.NullPointerException
	at eu.senla.andyavd.hoteladministrator.storages.VisitorsStorage.updateVisitor(VisitorsStorage.java:43)
	at eu.senla.andyavd.hoteladministrator.controllers.VisitorManager.updateVisitor(VisitorManager.java:41)
	at eu.senla.andyavd.hoteladministrator.view.HotelManager.checkInVisitor(HotelManager.java:305)
	at eu.senla.andyavd.ui.actions.visitor.CheckInVisitorAction.execute(CheckInVisitorAction.java:32)
	at eu.senla.andyavd.ui.menu.MenuItem.act(MenuItem.java:50)
	at eu.senla.andyavd.ui.menu.Navigator.navigate(Navigator.java:31)
	at eu.senla.andyavd.ui.menu.MenuController.run(MenuController.java:33)
	at eu.senla.andyavd.ui.test.Test.main(Test.java:9)
2017-11-17 08:47:29 ERROR BillVisitorAction:34 - No such Visitor to bill!
java.lang.NullPointerException
	at eu.senla.andyavd.ui.actions.visitor.BillVisitorAction.execute(BillVisitorAction.java:26)
	at eu.senla.andyavd.ui.menu.MenuItem.act(MenuItem.java:50)
	at eu.senla.andyavd.ui.menu.Navigator.navigate(Navigator.java:31)
	at eu.senla.andyavd.ui.menu.MenuController.run(MenuController.java:33)
	at eu.senla.andyavd.ui.test.Test.main(Test.java:9)
2017-11-17 15:05:31 ERROR Settings:38 - File not Found
java.io.FileNotFoundException: properties\resources\config.properties (No such file or directory)
	at java.io.FileInputStream.open0(Native Method)
	at java.io.FileInputStream.open(FileInputStream.java:195)
	at java.io.FileInputStream.<init>(FileInputStream.java:138)
	at java.io.FileInputStream.<init>(FileInputStream.java:93)
	at eu.senla.andyavd.properties.Settings.init(Settings.java:34)
	at eu.senla.andyavd.properties.Settings.<init>(Settings.java:28)
	at eu.senla.andyavd.properties.Settings.getInstance(Settings.java:20)
	at eu.senla.andyavd.ui.test.Test.main(Test.java:11)
2017-11-18 09:41:54 ERROR Settings:38 - File not Found
java.io.FileNotFoundException: properties\resources\config.properties (No such file or directory)
	at java.io.FileInputStream.open0(Native Method)
	at java.io.FileInputStream.open(FileInputStream.java:195)
	at java.io.FileInputStream.<init>(FileInputStream.java:138)
	at java.io.FileInputStream.<init>(FileInputStream.java:93)
	at eu.senla.andyavd.properties.Settings.init(Settings.java:34)
	at eu.senla.andyavd.properties.Settings.<init>(Settings.java:28)
	at eu.senla.andyavd.properties.Settings.getInstance(Settings.java:20)
	at eu.senla.andyavd.hoteladministrator.view.HotelManager.isRoomStatus(HotelManager.java:132)
	at eu.senla.andyavd.ui.menu.Builder.buildMenu(Builder.java:35)
	at eu.senla.andyavd.ui.menu.Builder.getMenu(Builder.java:86)
	at eu.senla.andyavd.ui.menu.MenuController.run(MenuController.java:20)
	at eu.senla.andyavd.ui.test.Test.main(Test.java:9)
2017-11-18 09:42:32 ERROR Settings:38 - File not Found
java.io.FileNotFoundException: properties\resources\config.properties (No such file or directory)
	at java.io.FileInputStream.open0(Native Method)
	at java.io.FileInputStream.open(FileInputStream.java:195)
	at java.io.FileInputStream.<init>(FileInputStream.java:138)
	at java.io.FileInputStream.<init>(FileInputStream.java:93)
	at eu.senla.andyavd.properties.Settings.init(Settings.java:34)
	at eu.senla.andyavd.properties.Settings.<init>(Settings.java:28)
	at eu.senla.andyavd.properties.Settings.getInstance(Settings.java:20)
	at eu.senla.andyavd.hoteladministrator.view.HotelManager.isRoomStatus(HotelManager.java:132)
	at eu.senla.andyavd.ui.menu.Builder.buildMenu(Builder.java:35)
	at eu.senla.andyavd.ui.menu.Builder.getMenu(Builder.java:86)
	at eu.senla.andyavd.ui.menu.MenuController.run(MenuController.java:20)
	at eu.senla.andyavd.ui.test.Test.main(Test.java:9)
2017-11-18 09:44:42 ERROR Settings:38 - File not Found
java.io.FileNotFoundException: properties\resources\config.properties (No such file or directory)
	at java.io.FileInputStream.open0(Native Method)
	at java.io.FileInputStream.open(FileInputStream.java:195)
	at java.io.FileInputStream.<init>(FileInputStream.java:138)
	at java.io.FileInputStream.<init>(FileInputStream.java:93)
	at eu.senla.andyavd.properties.Settings.init(Settings.java:34)
	at eu.senla.andyavd.properties.Settings.<init>(Settings.java:28)
	at eu.senla.andyavd.properties.Settings.getInstance(Settings.java:20)
	at eu.senla.andyavd.hoteladministrator.view.HotelManager.isRoomStatus(HotelManager.java:132)
	at eu.senla.andyavd.ui.test.Test.main(Test.java:10)
2017-11-18 09:45:12 ERROR Settings:38 - File not Found
java.io.FileNotFoundException: properties\resources\config.properties (No such file or directory)
	at java.io.FileInputStream.open0(Native Method)
	at java.io.FileInputStream.open(FileInputStream.java:195)
	at java.io.FileInputStream.<init>(FileInputStream.java:138)
	at java.io.FileInputStream.<init>(FileInputStream.java:93)
	at eu.senla.andyavd.properties.Settings.init(Settings.java:34)
	at eu.senla.andyavd.properties.Settings.<init>(Settings.java:28)
	at eu.senla.andyavd.properties.Settings.getInstance(Settings.java:20)
	at eu.senla.andyavd.hoteladministrator.view.HotelManager.isRoomStatus(HotelManager.java:132)
	at eu.senla.andyavd.ui.test.Test.main(Test.java:10)
2017-11-18 09:45:26 ERROR Settings:38 - File not Found
java.io.FileNotFoundException: properties\resources\config.properties (No such file or directory)
	at java.io.FileInputStream.open0(Native Method)
	at java.io.FileInputStream.open(FileInputStream.java:195)
	at java.io.FileInputStream.<init>(FileInputStream.java:138)
	at java.io.FileInputStream.<init>(FileInputStream.java:93)
	at eu.senla.andyavd.properties.Settings.init(Settings.java:34)
	at eu.senla.andyavd.properties.Settings.<init>(Settings.java:28)
	at eu.senla.andyavd.properties.Settings.getInstance(Settings.java:20)
	at eu.senla.andyavd.hoteladministrator.view.HotelManager.isRoomStatus(HotelManager.java:132)
	at eu.senla.andyavd.ui.test.Test.main(Test.java:10)
2017-11-18 09:49:27 ERROR Settings:38 - File not Found
java.io.FileNotFoundException: properties\resources\config.properties (No such file or directory)
	at java.io.FileInputStream.open0(Native Method)
	at java.io.FileInputStream.open(FileInputStream.java:195)
	at java.io.FileInputStream.<init>(FileInputStream.java:138)
	at java.io.FileInputStream.<init>(FileInputStream.java:93)
	at eu.senla.andyavd.properties.Settings.init(Settings.java:34)
	at eu.senla.andyavd.properties.Settings.<init>(Settings.java:28)
	at eu.senla.andyavd.properties.Settings.getInstance(Settings.java:20)
	at eu.senla.andyavd.hoteladministrator.view.HotelManager.isRoomStatus(HotelManager.java:132)
	at eu.senla.andyavd.ui.test.Test.main(Test.java:10)
2017-11-18 09:52:08 ERROR Settings:38 - File not Found
java.io.FileNotFoundException: properties\resources\config.properties (No such file or directory)
	at java.io.FileInputStream.open0(Native Method)
	at java.io.FileInputStream.open(FileInputStream.java:195)
	at java.io.FileInputStream.<init>(FileInputStream.java:138)
	at java.io.FileInputStream.<init>(FileInputStream.java:93)
	at eu.senla.andyavd.properties.Settings.init(Settings.java:34)
	at eu.senla.andyavd.properties.Settings.<init>(Settings.java:28)
	at eu.senla.andyavd.properties.Settings.getInstance(Settings.java:20)
	at eu.senla.andyavd.hoteladministrator.view.HotelManager.isRoomStatus(HotelManager.java:132)
	at eu.senla.andyavd.ui.test.Test.main(Test.java:10)
2017-11-18 09:52:12 ERROR Settings:38 - File not Found
java.io.FileNotFoundException: properties\resources\config.properties (No such file or directory)
	at java.io.FileInputStream.open0(Native Method)
	at java.io.FileInputStream.open(FileInputStream.java:195)
	at java.io.FileInputStream.<init>(FileInputStream.java:138)
	at java.io.FileInputStream.<init>(FileInputStream.java:93)
	at eu.senla.andyavd.properties.Settings.init(Settings.java:34)
	at eu.senla.andyavd.properties.Settings.<init>(Settings.java:28)
	at eu.senla.andyavd.properties.Settings.getInstance(Settings.java:20)
	at eu.senla.andyavd.hoteladministrator.view.HotelManager.isRoomStatus(HotelManager.java:132)
	at eu.senla.andyavd.ui.test.Test.main(Test.java:10)
2017-11-18 09:52:31 ERROR Settings:38 - File not Found
java.io.FileNotFoundException: properties\resources\config.properties (No such file or directory)
	at java.io.FileInputStream.open0(Native Method)
	at java.io.FileInputStream.open(FileInputStream.java:195)
	at java.io.FileInputStream.<init>(FileInputStream.java:138)
	at java.io.FileInputStream.<init>(FileInputStream.java:93)
	at eu.senla.andyavd.properties.Settings.init(Settings.java:34)
	at eu.senla.andyavd.properties.Settings.<init>(Settings.java:28)
	at eu.senla.andyavd.properties.Settings.getInstance(Settings.java:20)
	at eu.senla.andyavd.hoteladministrator.view.HotelManager.isRoomStatus(HotelManager.java:132)
	at eu.senla.andyavd.ui.test.Test.main(Test.java:10)
2017-11-18 09:52:33 ERROR Settings:38 - File not Found
java.io.FileNotFoundException: properties\resources\config.properties (No such file or directory)
	at java.io.FileInputStream.open0(Native Method)
	at java.io.FileInputStream.open(FileInputStream.java:195)
	at java.io.FileInputStream.<init>(FileInputStream.java:138)
	at java.io.FileInputStream.<init>(FileInputStream.java:93)
	at eu.senla.andyavd.properties.Settings.init(Settings.java:34)
	at eu.senla.andyavd.properties.Settings.<init>(Settings.java:28)
	at eu.senla.andyavd.properties.Settings.getInstance(Settings.java:20)
	at eu.senla.andyavd.hoteladministrator.view.HotelManager.isRoomStatus(HotelManager.java:132)
	at eu.senla.andyavd.ui.test.Test.main(Test.java:10)
2017-11-18 09:53:40 ERROR Settings:38 - File not Found
java.io.FileNotFoundException: properties\resources\config.properties (No such file or directory)
	at java.io.FileInputStream.open0(Native Method)
	at java.io.FileInputStream.open(FileInputStream.java:195)
	at java.io.FileInputStream.<init>(FileInputStream.java:138)
	at java.io.FileInputStream.<init>(FileInputStream.java:93)
	at eu.senla.andyavd.properties.Settings.init(Settings.java:34)
	at eu.senla.andyavd.properties.Settings.<init>(Settings.java:28)
	at eu.senla.andyavd.properties.Settings.getInstance(Settings.java:20)
	at eu.senla.andyavd.hoteladministrator.view.HotelManager.isRoomStatus(HotelManager.java:132)
	at eu.senla.andyavd.ui.test.Test.main(Test.java:10)
2017-11-18 09:58:12 ERROR Settings:38 - File not Found
java.io.FileNotFoundException: properties\resources\config.properties (No such file or directory)
	at java.io.FileInputStream.open0(Native Method)
	at java.io.FileInputStream.open(FileInputStream.java:195)
	at java.io.FileInputStream.<init>(FileInputStream.java:138)
	at java.io.FileInputStream.<init>(FileInputStream.java:93)
	at eu.senla.andyavd.properties.Settings.init(Settings.java:34)
	at eu.senla.andyavd.properties.Settings.<init>(Settings.java:28)
	at eu.senla.andyavd.hoteladministrator.view.HotelManager.<init>(HotelManager.java:40)
	at eu.senla.andyavd.hoteladministrator.view.HotelManager.getInstance(HotelManager.java:46)
	at eu.senla.andyavd.ui.test.Test.main(Test.java:10)
2017-11-18 09:58:12 ERROR Settings:38 - File not Found
java.io.FileNotFoundException: properties\resources\config.properties (No such file or directory)
	at java.io.FileInputStream.open0(Native Method)
	at java.io.FileInputStream.open(FileInputStream.java:195)
	at java.io.FileInputStream.<init>(FileInputStream.java:138)
	at java.io.FileInputStream.<init>(FileInputStream.java:93)
	at eu.senla.andyavd.properties.Settings.init(Settings.java:34)
	at eu.senla.andyavd.properties.Settings.<init>(Settings.java:28)
	at eu.senla.andyavd.properties.Settings.getInstance(Settings.java:20)
	at eu.senla.andyavd.hoteladministrator.view.HotelManager.isRoomStatus(HotelManager.java:133)
	at eu.senla.andyavd.ui.test.Test.main(Test.java:10)
2017-11-18 10:01:43 ERROR Settings:38 - File not Found
java.io.FileNotFoundException: properties\resources\config.properties (No such file or directory)
	at java.io.FileInputStream.open0(Native Method)
	at java.io.FileInputStream.open(FileInputStream.java:195)
	at java.io.FileInputStream.<init>(FileInputStream.java:138)
	at java.io.FileInputStream.<init>(FileInputStream.java:93)
	at eu.senla.andyavd.properties.Settings.init(Settings.java:34)
	at eu.senla.andyavd.hoteladministrator.view.HotelManager.isRoomStatus(HotelManager.java:135)
	at eu.senla.andyavd.ui.test.Test.main(Test.java:10)
2017-11-18 10:03:48 ERROR Settings:38 - File not Found
java.io.FileNotFoundException: properties\resources\config.properties (No such file or directory)
	at java.io.FileInputStream.open0(Native Method)
	at java.io.FileInputStream.open(FileInputStream.java:195)
	at java.io.FileInputStream.<init>(FileInputStream.java:138)
	at java.io.FileInputStream.<init>(FileInputStream.java:93)
	at eu.senla.andyavd.properties.Settings.init(Settings.java:34)
	at eu.senla.andyavd.hoteladministrator.view.HotelManager.isRoomStatus(HotelManager.java:135)
	at eu.senla.andyavd.ui.test.Test.main(Test.java:10)
2017-11-18 10:03:51 ERROR Settings:38 - File not Found
java.io.FileNotFoundException: properties\resources\config.properties (No such file or directory)
	at java.io.FileInputStream.open0(Native Method)
	at java.io.FileInputStream.open(FileInputStream.java:195)
	at java.io.FileInputStream.<init>(FileInputStream.java:138)
	at java.io.FileInputStream.<init>(FileInputStream.java:93)
	at eu.senla.andyavd.properties.Settings.init(Settings.java:34)
	at eu.senla.andyavd.hoteladministrator.view.HotelManager.isRoomStatus(HotelManager.java:135)
	at eu.senla.andyavd.ui.test.Test.main(Test.java:10)
2017-11-18 10:38:25 ERROR Settings:39 - File not Found
java.io.FileNotFoundException: properties\resources\config.properties (No such file or directory)
	at java.io.FileInputStream.open0(Native Method)
	at java.io.FileInputStream.open(FileInputStream.java:195)
	at java.io.FileInputStream.<init>(FileInputStream.java:138)
	at java.io.FileInputStream.<init>(FileInputStream.java:93)
	at eu.senla.andyavd.properties.Settings.init(Settings.java:34)
	at eu.senla.andyavd.properties.Settings.<init>(Settings.java:28)
	at eu.senla.andyavd.properties.Settings.getInstance(Settings.java:20)
	at eu.senla.andyavd.hoteladministrator.view.HotelManager.isRoomStatus(HotelManager.java:134)
	at eu.senla.andyavd.ui.test.Test.main(Test.java:10)
2017-11-18 10:38:56 ERROR Settings:39 - File not Found
java.io.FileNotFoundException: properties\resources\config.properties (No such file or directory)
	at java.io.FileInputStream.open0(Native Method)
	at java.io.FileInputStream.open(FileInputStream.java:195)
	at java.io.FileInputStream.<init>(FileInputStream.java:138)
	at java.io.FileInputStream.<init>(FileInputStream.java:93)
	at eu.senla.andyavd.properties.Settings.init(Settings.java:34)
	at eu.senla.andyavd.properties.Settings.<init>(Settings.java:28)
	at eu.senla.andyavd.properties.Settings.getInstance(Settings.java:20)
	at eu.senla.andyavd.hoteladministrator.view.HotelManager.isRoomStatus(HotelManager.java:134)
	at eu.senla.andyavd.ui.test.Test.main(Test.java:10)
2017-11-18 10:52:14 ERROR Settings:41 - File not Found
java.io.FileNotFoundException: Users/andreiaudzeichyk/eclipse-workspace/eu.senla.andyavd.properties/resources/config.properties (No such file or directory)
	at java.io.FileInputStream.open0(Native Method)
	at java.io.FileInputStream.open(FileInputStream.java:195)
	at java.io.FileInputStream.<init>(FileInputStream.java:138)
	at java.io.FileInputStream.<init>(FileInputStream.java:93)
	at eu.senla.andyavd.properties.Settings.init(Settings.java:36)
	at eu.senla.andyavd.properties.Settings.<init>(Settings.java:30)
	at eu.senla.andyavd.hoteladministrator.view.HotelManager.isRoomStatus(HotelManager.java:135)
	at eu.senla.andyavd.ui.test.Test.main(Test.java:10)
2017-11-18 10:52:52 ERROR Settings:41 - File not Found
java.io.FileNotFoundException: Users/andreiaudzeichyk/eclipse-workspace/eu.senla.andyavd.properties/resources/config.properties (No such file or directory)
	at java.io.FileInputStream.open0(Native Method)
	at java.io.FileInputStream.open(FileInputStream.java:195)
	at java.io.FileInputStream.<init>(FileInputStream.java:138)
	at java.io.FileInputStream.<init>(FileInputStream.java:93)
	at eu.senla.andyavd.properties.Settings.init(Settings.java:36)
	at eu.senla.andyavd.properties.Settings.<init>(Settings.java:30)
	at eu.senla.andyavd.hoteladministrator.view.HotelManager.isRoomStatus(HotelManager.java:135)
	at eu.senla.andyavd.ui.test.Test.main(Test.java:10)
2017-11-18 11:23:28 ERROR Settings:37 - File not Found
java.io.FileNotFoundException: /eu.senla.andyavd.properties/resources/config.properties (No such file or directory)
	at java.io.FileInputStream.open0(Native Method)
	at java.io.FileInputStream.open(FileInputStream.java:195)
	at java.io.FileInputStream.<init>(FileInputStream.java:138)
	at java.io.FileInputStream.<init>(FileInputStream.java:93)
	at eu.senla.andyavd.properties.Settings.initialize(Settings.java:34)
	at eu.senla.andyavd.properties.Settings.<init>(Settings.java:28)
	at eu.senla.andyavd.properties.Settings.getInstance(Settings.java:22)
	at eu.senla.andyavd.hoteladministrator.view.HotelManager.isRoomStatus(HotelManager.java:134)
	at eu.senla.andyavd.ui.test.Test.main(Test.java:10)
2017-11-18 12:39:38 ERROR ChangeRoomStatusAction:27 - No such room to clone!
java.io.NotSerializableException: eu.senla.andyavd.hoteladministrator.entities.Room
	at java.io.ObjectOutputStream.writeObject0(ObjectOutputStream.java:1184)
	at java.io.ObjectOutputStream.writeObject(ObjectOutputStream.java:348)
	at eu.senla.andyavd.hoteladministrator.controllers.RoomManager.cloneRoom(RoomManager.java:41)
	at eu.senla.andyavd.hoteladministrator.view.HotelManager.cloneRoom(HotelManager.java:60)
	at eu.senla.andyavd.ui.actions.room.CloneRoomAction.execute(CloneRoomAction.java:25)
	at eu.senla.andyavd.ui.menu.MenuItem.act(MenuItem.java:50)
	at eu.senla.andyavd.ui.menu.Navigator.navigate(Navigator.java:31)
	at eu.senla.andyavd.ui.menu.MenuController.run(MenuController.java:33)
	at eu.senla.andyavd.ui.test.Test.main(Test.java:10)
2017-11-18 14:02:14 ERROR ChangeRoomStatusAction:27 - No such room to clone!
java.io.NotSerializableException: eu.senla.andyavd.hoteladministrator.entities.Room
	at java.io.ObjectOutputStream.writeObject0(ObjectOutputStream.java:1184)
	at java.io.ObjectOutputStream.writeObject(ObjectOutputStream.java:348)
	at eu.senla.andyavd.hoteladministrator.controllers.RoomManager.cloneRoom(RoomManager.java:41)
	at eu.senla.andyavd.hoteladministrator.view.HotelManager.cloneRoom(HotelManager.java:60)
	at eu.senla.andyavd.ui.actions.room.CloneRoomAction.execute(CloneRoomAction.java:25)
	at eu.senla.andyavd.ui.menu.MenuItem.act(MenuItem.java:50)
	at eu.senla.andyavd.ui.menu.Navigator.navigate(Navigator.java:31)
	at eu.senla.andyavd.ui.menu.MenuController.run(MenuController.java:33)
	at eu.senla.andyavd.ui.test.Test.main(Test.java:10)
2017-11-18 14:05:43 ERROR ChangeRoomStatusAction:27 - No such room to clone!
java.io.NotSerializableException: eu.senla.andyavd.hoteladministrator.entities.Room
	at java.io.ObjectOutputStream.writeObject0(ObjectOutputStream.java:1184)
	at java.io.ObjectOutputStream.writeObject(ObjectOutputStream.java:348)
	at eu.senla.andyavd.hoteladministrator.controllers.RoomManager.cloneRoom(RoomManager.java:41)
	at eu.senla.andyavd.hoteladministrator.view.HotelManager.cloneRoom(HotelManager.java:60)
	at eu.senla.andyavd.ui.actions.room.CloneRoomAction.execute(CloneRoomAction.java:25)
	at eu.senla.andyavd.ui.menu.MenuItem.act(MenuItem.java:50)
	at eu.senla.andyavd.ui.menu.Navigator.navigate(Navigator.java:31)
	at eu.senla.andyavd.ui.menu.MenuController.run(MenuController.java:33)
	at eu.senla.andyavd.ui.test.Test.main(Test.java:10)
2017-11-20 02:26:03 ERROR ChangeRoomStatusAction:27 - No such room to clone!
java.lang.NullPointerException
	at eu.senla.andyavd.hoteladministrator.controllers.RoomManager.cloneRoom(RoomManager.java:47)
	at eu.senla.andyavd.hoteladministrator.view.HotelManager.cloneRoom(HotelManager.java:61)
	at eu.senla.andyavd.ui.actions.room.CloneRoomAction.execute(CloneRoomAction.java:25)
	at eu.senla.andyavd.ui.menu.MenuItem.act(MenuItem.java:50)
	at eu.senla.andyavd.ui.menu.Navigator.navigate(Navigator.java:31)
	at eu.senla.andyavd.ui.menu.MenuController.run(MenuController.java:33)
	at eu.senla.andyavd.ui.test.Test.main(Test.java:10)
2017-11-20 02:42:38 ERROR CheckInVisitorAction:42 - Failed to chek-in the visitor! Input valid parameters!
java.lang.ClassCastException: eu.senla.andyavd.hoteladministrator.entities.RoomHistory cannot be cast to eu.senla.andyavd.hoteladministrator.entities.Visitor
	at eu.senla.andyavd.hoteladministrator.storages.VisitorsStorage.getVisitorById(VisitorsStorage.java:61)
	at eu.senla.andyavd.hoteladministrator.controllers.VisitorManager.getVisitorById(VisitorManager.java:77)
	at eu.senla.andyavd.hoteladministrator.view.HotelManager.getVisitorById(HotelManager.java:274)
	at eu.senla.andyavd.ui.actions.visitor.CheckInVisitorAction.execute(CheckInVisitorAction.java:36)
	at eu.senla.andyavd.ui.menu.MenuItem.act(MenuItem.java:50)
	at eu.senla.andyavd.ui.menu.Navigator.navigate(Navigator.java:31)
	at eu.senla.andyavd.ui.menu.MenuController.run(MenuController.java:33)
	at eu.senla.andyavd.ui.test.Test.main(Test.java:10)
2017-11-21 03:07:17 ERROR HotelManager:134 - No such visitor to bill!
2017-11-21 03:07:17 ERROR BillAction:34 - No such Visitor to bill!!
java.lang.NullPointerException
	at eu.senla.andyavd.ui.actions.visitor.BillAction.execute(BillAction.java:30)
	at eu.senla.andyavd.ui.menu.MenuItem.act(MenuItem.java:50)
	at eu.senla.andyavd.ui.menu.Navigator.navigate(Navigator.java:31)
	at eu.senla.andyavd.ui.menu.MenuController.run(MenuController.java:33)
	at eu.senla.andyavd.ui.test.Test.main(Test.java:10)
