2017-12-22 10:13:59 ERROR VisitorToCSV:28 - No such file!
java.lang.NullPointerException
	at lesson6.hotel.src.eu.senla.andyavd.utils.csvparsers.writers.VisitorToCSV.writeVisitorsToCSV(VisitorToCSV.java:19)
	at lesson6.hotel.src.eu.senla.andyavd.view.HotelManager.exportVisitorsToCSV(HotelManager.java:412)
	at lesson6.ui.src.eu.senla.andyavd.actions.visitor.ExportVisitorsAction.execute(ExportVisitorsAction.java:12)
	at lesson6.ui.src.eu.senla.andyavd.menu.MenuItem.act(MenuItem.java:50)
	at lesson6.ui.src.eu.senla.andyavd.menu.Navigator.navigate(Navigator.java:31)
	at lesson6.ui.src.eu.senla.andyavd.menu.MenuController.run(MenuController.java:31)
	at lesson6.ui.src.eu.senla.andyavd.test.Test.main(Test.java:10)
2017-12-22 10:16:04 ERROR VisitorToCSV:28 - No such file!
java.lang.NullPointerException
	at lesson6.hotel.src.eu.senla.andyavd.utils.csvparsers.writers.VisitorToCSV.writeVisitorsToCSV(VisitorToCSV.java:19)
	at lesson6.hotel.src.eu.senla.andyavd.view.HotelManager.exportVisitorsToCSV(HotelManager.java:412)
	at lesson6.ui.src.eu.senla.andyavd.actions.visitor.ExportVisitorsAction.execute(ExportVisitorsAction.java:12)
	at lesson6.ui.src.eu.senla.andyavd.menu.MenuItem.act(MenuItem.java:50)
	at lesson6.ui.src.eu.senla.andyavd.menu.Navigator.navigate(Navigator.java:31)
	at lesson6.ui.src.eu.senla.andyavd.menu.MenuController.run(MenuController.java:31)
	at lesson6.ui.src.eu.senla.andyavd.test.Test.main(Test.java:10)
2017-12-22 10:25:43 ERROR VisitorToCSV:28 - No such file!
java.lang.NullPointerException
	at lesson6.hotel.src.eu.senla.andyavd.utils.csvparsers.writers.VisitorToCSV.writeVisitorsToCSV(VisitorToCSV.java:19)
	at lesson6.hotel.src.eu.senla.andyavd.view.HotelManager.exportVisitorsToCSV(HotelManager.java:412)
	at lesson6.ui.src.eu.senla.andyavd.actions.visitor.ExportVisitorsAction.execute(ExportVisitorsAction.java:12)
	at lesson6.ui.src.eu.senla.andyavd.menu.MenuItem.act(MenuItem.java:50)
	at lesson6.ui.src.eu.senla.andyavd.menu.Navigator.navigate(Navigator.java:31)
	at lesson6.ui.src.eu.senla.andyavd.menu.MenuController.run(MenuController.java:31)
	at lesson6.ui.src.eu.senla.andyavd.test.Test.main(Test.java:10)
2017-12-22 10:25:58 ERROR HotelManager:438 - Visitors were not imported!
java.lang.NullPointerException
	at lesson6.hotel.src.eu.senla.andyavd.utils.csvparsers.readers.CSVToVisitor.readVisitors(CSVToVisitor.java:21)
	at lesson6.hotel.src.eu.senla.andyavd.view.HotelManager.importVisitorsFromCSV(HotelManager.java:436)
	at lesson6.ui.src.eu.senla.andyavd.actions.visitor.ImportVisitorsAction.execute(ImportVisitorsAction.java:16)
	at lesson6.ui.src.eu.senla.andyavd.menu.MenuItem.act(MenuItem.java:50)
	at lesson6.ui.src.eu.senla.andyavd.menu.Navigator.navigate(Navigator.java:31)
	at lesson6.ui.src.eu.senla.andyavd.menu.MenuController.run(MenuController.java:31)
	at lesson6.ui.src.eu.senla.andyavd.test.Test.main(Test.java:10)
2017-12-22 10:26:32 ERROR VisitorToCSV:28 - No such file!
java.lang.NullPointerException
	at lesson6.hotel.src.eu.senla.andyavd.utils.csvparsers.writers.VisitorToCSV.writeVisitorsToCSV(VisitorToCSV.java:19)
	at lesson6.hotel.src.eu.senla.andyavd.view.HotelManager.exportVisitorsToCSV(HotelManager.java:412)
	at lesson6.ui.src.eu.senla.andyavd.actions.visitor.ExportVisitorsAction.execute(ExportVisitorsAction.java:12)
	at lesson6.ui.src.eu.senla.andyavd.menu.MenuItem.act(MenuItem.java:50)
	at lesson6.ui.src.eu.senla.andyavd.menu.Navigator.navigate(Navigator.java:31)
	at lesson6.ui.src.eu.senla.andyavd.menu.MenuController.run(MenuController.java:31)
	at lesson6.ui.src.eu.senla.andyavd.test.Test.main(Test.java:10)
2017-12-22 10:27:18 ERROR HotelManager:438 - Visitors were not imported!
java.lang.NullPointerException
	at lesson6.hotel.src.eu.senla.andyavd.utils.csvparsers.readers.CSVToVisitor.readVisitors(CSVToVisitor.java:21)
	at lesson6.hotel.src.eu.senla.andyavd.view.HotelManager.importVisitorsFromCSV(HotelManager.java:436)
	at lesson6.ui.src.eu.senla.andyavd.actions.visitor.ImportVisitorsAction.execute(ImportVisitorsAction.java:16)
	at lesson6.ui.src.eu.senla.andyavd.menu.MenuItem.act(MenuItem.java:50)
	at lesson6.ui.src.eu.senla.andyavd.menu.Navigator.navigate(Navigator.java:31)
	at lesson6.ui.src.eu.senla.andyavd.menu.MenuController.run(MenuController.java:31)
	at lesson6.ui.src.eu.senla.andyavd.test.Test.main(Test.java:10)
2017-12-22 12:42:04 ERROR ServiceToCSV:29 - No such file!
java.lang.NullPointerException
	at lesson6.hotel.src.eu.senla.andyavd.utils.csvparsers.writers.ServiceToCSV.writeServicesToCSV(ServiceToCSV.java:19)
	at lesson6.hotel.src.eu.senla.andyavd.view.HotelManager.exportServicesToCSV(HotelManager.java:404)
	at lesson6.ui.src.eu.senla.andyavd.actions.service.ExportServicesAction.execute(ExportServicesAction.java:12)
	at lesson6.ui.src.eu.senla.andyavd.menu.MenuItem.act(MenuItem.java:50)
	at lesson6.ui.src.eu.senla.andyavd.menu.Navigator.navigate(Navigator.java:31)
	at lesson6.ui.src.eu.senla.andyavd.menu.MenuController.run(MenuController.java:31)
	at lesson6.ui.src.eu.senla.andyavd.test.Test.main(Test.java:10)
2017-12-22 12:45:19 ERROR ServiceToCSV:29 - No such file!
java.lang.NullPointerException
	at lesson6.hotel.src.eu.senla.andyavd.utils.csvparsers.writers.ServiceToCSV.writeServicesToCSV(ServiceToCSV.java:19)
	at lesson6.hotel.src.eu.senla.andyavd.view.HotelManager.exportServicesToCSV(HotelManager.java:404)
	at lesson6.ui.src.eu.senla.andyavd.actions.service.ExportServicesAction.execute(ExportServicesAction.java:12)
	at lesson6.ui.src.eu.senla.andyavd.menu.MenuItem.act(MenuItem.java:50)
	at lesson6.ui.src.eu.senla.andyavd.menu.Navigator.navigate(Navigator.java:31)
	at lesson6.ui.src.eu.senla.andyavd.menu.MenuController.run(MenuController.java:31)
	at lesson6.ui.src.eu.senla.andyavd.test.Test.main(Test.java:10)
2017-12-22 12:47:13 ERROR ServiceToCSV:29 - No such file!
java.lang.NullPointerException
	at lesson6.hotel.src.eu.senla.andyavd.utils.csvparsers.writers.ServiceToCSV.writeServicesToCSV(ServiceToCSV.java:19)
	at lesson6.hotel.src.eu.senla.andyavd.view.HotelManager.exportServicesToCSV(HotelManager.java:404)
	at lesson6.ui.src.eu.senla.andyavd.actions.service.ExportServicesAction.execute(ExportServicesAction.java:12)
	at lesson6.ui.src.eu.senla.andyavd.menu.MenuItem.act(MenuItem.java:50)
	at lesson6.ui.src.eu.senla.andyavd.menu.Navigator.navigate(Navigator.java:31)
	at lesson6.ui.src.eu.senla.andyavd.menu.MenuController.run(MenuController.java:31)
	at lesson6.ui.src.eu.senla.andyavd.test.Test.main(Test.java:10)
2017-12-24 07:51:49 ERROR DependencyInjection:41 - Properties were not loaded!
java.io.FileNotFoundException: data/instance.properties (No such file or directory)
	at java.io.FileInputStream.open0(Native Method)
	at java.io.FileInputStream.open(FileInputStream.java:195)
	at java.io.FileInputStream.<init>(FileInputStream.java:138)
	at java.io.FileInputStream.<init>(FileInputStream.java:93)
	at lesson7.dependencyinjection.src.eu.senla.andyavd.di.DependencyInjection.loadDependencies(DependencyInjection.java:37)
	at lesson7.dependencyinjection.src.eu.senla.andyavd.di.DependencyInjection.<init>(DependencyInjection.java:26)
	at lesson7.dependencyinjection.src.eu.senla.andyavd.di.DependencyInjection.getInstance(DependencyInjection.java:30)
	at lesson7.hotel.src.eu.senla.andyavd.view.HotelManager.<init>(HotelManager.java:45)
	at lesson7.hotel.src.eu.senla.andyavd.view.HotelManager.getInstance(HotelManager.java:58)
	at lesson7.ui.src.eu.senla.andyavd.menu.Builder.<init>(Builder.java:23)
	at lesson7.ui.src.eu.senla.andyavd.menu.MenuController.<init>(MenuController.java:11)
	at lesson7.ui.src.eu.senla.andyavd.test.Test.main(Test.java:9)
2017-12-24 07:52:41 ERROR DependencyInjection:41 - Properties were not loaded!
java.io.FileNotFoundException: data/instance.properties (No such file or directory)
	at java.io.FileInputStream.open0(Native Method)
	at java.io.FileInputStream.open(FileInputStream.java:195)
	at java.io.FileInputStream.<init>(FileInputStream.java:138)
	at java.io.FileInputStream.<init>(FileInputStream.java:93)
	at lesson7.dependencyinjection.src.eu.senla.andyavd.di.DependencyInjection.loadDependencies(DependencyInjection.java:37)
	at lesson7.dependencyinjection.src.eu.senla.andyavd.di.DependencyInjection.<init>(DependencyInjection.java:26)
	at lesson7.dependencyinjection.src.eu.senla.andyavd.di.DependencyInjection.getInstance(DependencyInjection.java:30)
	at lesson7.hotel.src.eu.senla.andyavd.view.HotelManager.<init>(HotelManager.java:45)
	at lesson7.hotel.src.eu.senla.andyavd.view.HotelManager.getInstance(HotelManager.java:58)
	at lesson7.ui.src.eu.senla.andyavd.menu.Builder.<init>(Builder.java:23)
	at lesson7.ui.src.eu.senla.andyavd.menu.MenuController.<init>(MenuController.java:11)
	at lesson7.ui.src.eu.senla.andyavd.test.Test.main(Test.java:9)
2017-12-24 07:52:56 ERROR DependencyInjection:41 - Properties were not loaded!
java.io.FileNotFoundException: data/instance.properties (No such file or directory)
	at java.io.FileInputStream.open0(Native Method)
	at java.io.FileInputStream.open(FileInputStream.java:195)
	at java.io.FileInputStream.<init>(FileInputStream.java:138)
	at java.io.FileInputStream.<init>(FileInputStream.java:93)
	at lesson7.dependencyinjection.src.eu.senla.andyavd.di.DependencyInjection.loadDependencies(DependencyInjection.java:37)
	at lesson7.dependencyinjection.src.eu.senla.andyavd.di.DependencyInjection.<init>(DependencyInjection.java:26)
	at lesson7.dependencyinjection.src.eu.senla.andyavd.di.DependencyInjection.getInstance(DependencyInjection.java:30)
	at lesson7.hotel.src.eu.senla.andyavd.view.HotelManager.<init>(HotelManager.java:45)
	at lesson7.hotel.src.eu.senla.andyavd.view.HotelManager.getInstance(HotelManager.java:58)
	at lesson7.ui.src.eu.senla.andyavd.menu.Builder.<init>(Builder.java:23)
	at lesson7.ui.src.eu.senla.andyavd.menu.MenuController.<init>(MenuController.java:11)
	at lesson7.ui.src.eu.senla.andyavd.test.Test.main(Test.java:9)
2017-12-24 07:56:39 ERROR DependencyInjection:41 - Properties were not loaded!
java.io.FileNotFoundException: data/instance.properties (No such file or directory)
	at java.io.FileInputStream.open0(Native Method)
	at java.io.FileInputStream.open(FileInputStream.java:195)
	at java.io.FileInputStream.<init>(FileInputStream.java:138)
	at java.io.FileInputStream.<init>(FileInputStream.java:93)
	at lesson7.dependencyinjection.src.eu.senla.andyavd.di.DependencyInjection.loadDependencies(DependencyInjection.java:37)
	at lesson7.dependencyinjection.src.eu.senla.andyavd.di.DependencyInjection.<init>(DependencyInjection.java:26)
	at lesson7.dependencyinjection.src.eu.senla.andyavd.di.DependencyInjection.getInstance(DependencyInjection.java:30)
	at lesson7.hotel.src.eu.senla.andyavd.view.HotelManager.<init>(HotelManager.java:45)
	at lesson7.hotel.src.eu.senla.andyavd.view.HotelManager.getInstance(HotelManager.java:58)
	at lesson7.ui.src.eu.senla.andyavd.menu.Builder.<init>(Builder.java:23)
	at lesson7.ui.src.eu.senla.andyavd.menu.MenuController.<init>(MenuController.java:11)
	at lesson7.ui.src.eu.senla.andyavd.test.Test.main(Test.java:9)
2017-12-24 07:56:47 ERROR DependencyInjection:41 - Properties were not loaded!
java.io.FileNotFoundException: data/instance.properties (No such file or directory)
	at java.io.FileInputStream.open0(Native Method)
	at java.io.FileInputStream.open(FileInputStream.java:195)
	at java.io.FileInputStream.<init>(FileInputStream.java:138)
	at java.io.FileInputStream.<init>(FileInputStream.java:93)
	at lesson7.dependencyinjection.src.eu.senla.andyavd.di.DependencyInjection.loadDependencies(DependencyInjection.java:37)
	at lesson7.dependencyinjection.src.eu.senla.andyavd.di.DependencyInjection.<init>(DependencyInjection.java:26)
	at lesson7.dependencyinjection.src.eu.senla.andyavd.di.DependencyInjection.getInstance(DependencyInjection.java:30)
	at lesson7.hotel.src.eu.senla.andyavd.view.HotelManager.<init>(HotelManager.java:45)
	at lesson7.hotel.src.eu.senla.andyavd.view.HotelManager.getInstance(HotelManager.java:58)
	at lesson7.ui.src.eu.senla.andyavd.menu.Builder.<init>(Builder.java:23)
	at lesson7.ui.src.eu.senla.andyavd.menu.MenuController.<init>(MenuController.java:11)
	at lesson7.ui.src.eu.senla.andyavd.test.Test.main(Test.java:9)
2017-12-24 07:57:51 ERROR DependencyInjection:41 - Properties were not loaded!
java.io.FileNotFoundException: data/instance.properties (No such file or directory)
	at java.io.FileInputStream.open0(Native Method)
	at java.io.FileInputStream.open(FileInputStream.java:195)
	at java.io.FileInputStream.<init>(FileInputStream.java:138)
	at java.io.FileInputStream.<init>(FileInputStream.java:93)
	at lesson7.dependencyinjection.src.eu.senla.andyavd.di.DependencyInjection.loadDependencies(DependencyInjection.java:37)
	at lesson7.dependencyinjection.src.eu.senla.andyavd.di.DependencyInjection.<init>(DependencyInjection.java:26)
	at lesson7.dependencyinjection.src.eu.senla.andyavd.di.DependencyInjection.getInstance(DependencyInjection.java:30)
	at lesson7.hotel.src.eu.senla.andyavd.view.HotelManager.<init>(HotelManager.java:45)
	at lesson7.hotel.src.eu.senla.andyavd.view.HotelManager.getInstance(HotelManager.java:58)
	at lesson7.ui.src.eu.senla.andyavd.menu.Builder.<init>(Builder.java:23)
	at lesson7.ui.src.eu.senla.andyavd.menu.MenuController.<init>(MenuController.java:11)
	at lesson7.ui.src.eu.senla.andyavd.test.Test.main(Test.java:9)
2017-12-24 07:59:53 ERROR DependencyInjection:39 - Properties were not loaded!
java.io.FileNotFoundException: data/instance.properties (No such file or directory)
	at java.io.FileInputStream.open0(Native Method)
	at java.io.FileInputStream.open(FileInputStream.java:195)
	at java.io.FileInputStream.<init>(FileInputStream.java:138)
	at java.io.FileInputStream.<init>(FileInputStream.java:93)
	at lesson7.dependencyinjection.src.eu.senla.andyavd.di.DependencyInjection.loadDependencies(DependencyInjection.java:35)
	at lesson7.dependencyinjection.src.eu.senla.andyavd.di.DependencyInjection.<init>(DependencyInjection.java:24)
	at lesson7.dependencyinjection.src.eu.senla.andyavd.di.DependencyInjection.getInstance(DependencyInjection.java:28)
	at lesson7.hotel.src.eu.senla.andyavd.view.HotelManager.<init>(HotelManager.java:45)
	at lesson7.hotel.src.eu.senla.andyavd.view.HotelManager.getInstance(HotelManager.java:58)
	at lesson7.ui.src.eu.senla.andyavd.menu.Builder.<init>(Builder.java:23)
	at lesson7.ui.src.eu.senla.andyavd.menu.MenuController.<init>(MenuController.java:11)
	at lesson7.ui.src.eu.senla.andyavd.test.Test.main(Test.java:9)
2017-12-24 08:00:34 ERROR DependencyInjection:39 - Properties were not loaded!
java.io.FileNotFoundException: data/instance.properties (No such file or directory)
	at java.io.FileInputStream.open0(Native Method)
	at java.io.FileInputStream.open(FileInputStream.java:195)
	at java.io.FileInputStream.<init>(FileInputStream.java:138)
	at java.io.FileInputStream.<init>(FileInputStream.java:93)
	at lesson7.dependencyinjection.src.eu.senla.andyavd.di.DependencyInjection.loadDependencies(DependencyInjection.java:35)
	at lesson7.dependencyinjection.src.eu.senla.andyavd.di.DependencyInjection.<init>(DependencyInjection.java:24)
	at lesson7.dependencyinjection.src.eu.senla.andyavd.di.DependencyInjection.getInstance(DependencyInjection.java:28)
	at lesson7.hotel.src.eu.senla.andyavd.view.HotelManager.<init>(HotelManager.java:45)
	at lesson7.hotel.src.eu.senla.andyavd.view.HotelManager.getInstance(HotelManager.java:58)
	at lesson7.ui.src.eu.senla.andyavd.menu.Builder.<init>(Builder.java:23)
	at lesson7.ui.src.eu.senla.andyavd.menu.MenuController.<init>(MenuController.java:11)
	at lesson7.ui.src.eu.senla.andyavd.test.Test.main(Test.java:9)
2017-12-24 08:00:49 ERROR DependencyInjection:39 - Properties were not loaded!
java.io.FileNotFoundException: data/instance.properties (No such file or directory)
	at java.io.FileInputStream.open0(Native Method)
	at java.io.FileInputStream.open(FileInputStream.java:195)
	at java.io.FileInputStream.<init>(FileInputStream.java:138)
	at java.io.FileInputStream.<init>(FileInputStream.java:93)
	at lesson7.dependencyinjection.src.eu.senla.andyavd.di.DependencyInjection.loadDependencies(DependencyInjection.java:35)
	at lesson7.dependencyinjection.src.eu.senla.andyavd.di.DependencyInjection.<init>(DependencyInjection.java:24)
	at lesson7.dependencyinjection.src.eu.senla.andyavd.di.DependencyInjection.getInstance(DependencyInjection.java:28)
	at lesson7.hotel.src.eu.senla.andyavd.view.HotelManager.<init>(HotelManager.java:45)
	at lesson7.hotel.src.eu.senla.andyavd.view.HotelManager.getInstance(HotelManager.java:58)
	at lesson7.ui.src.eu.senla.andyavd.menu.Builder.<init>(Builder.java:23)
	at lesson7.ui.src.eu.senla.andyavd.menu.MenuController.<init>(MenuController.java:11)
	at lesson7.ui.src.eu.senla.andyavd.test.Test.main(Test.java:9)
